<?xml version="1.0" encoding="UTF-8"?>
<!-- Generated by org.testng.reporters.JUnitReportReporter -->
<testsuite hostname="RajatSharan" failures="0" tests="1" name="SumValidation" time="1.401" errors="0" timestamp="2022-07-21T08:31:38 IST" skipped="0">
  <testcase classname="SumValidation" name="sumofCourses" time="1.401"/>
  <system-out/>
</testsuite> <!-- SumValidation -->
